<?xml version="1.0" encoding="UTF-8"?>
<!-- Generated by org.testng.reporters.JUnitReportReporter -->
<testsuite skipped="0" hostname="DESKTOP-HG1COQ1" name="tests.LoginTest" tests="2" failures="0" timestamp="2020-01-24T18:10:24 IST" time="19.819" errors="0">
  <testcase name="validateLoginFunctionality" time="14.216" classname="tests.LoginTest"/>
  <testcase name="validateInvalidLoginFunctionality" time="5.603" classname="tests.LoginTest"/>
</testsuite> <!-- tests.LoginTest -->
