<?xml version="1.0" encoding="UTF-8"?>
<!-- Generated by org.testng.reporters.JUnitReportReporter -->
<testsuite skipped="0" hostname="DESKTOP-HG1COQ1" name="tests.LoginTest" tests="2" failures="0" timestamp="2020-01-16T18:48:15 PST" time="20.281" errors="0">
  <testcase name="validateLoginFunctionality" time="14.645" classname="tests.LoginTest"/>
  <testcase name="validateInvalidLoginFunctionality" time="5.636" classname="tests.LoginTest"/>
</testsuite> <!-- tests.LoginTest -->
