<?xml version="1.0" encoding="UTF-8"?>
<!-- Generated by org.testng.reporters.JUnitReportReporter -->
<testsuite skipped="0" hostname="DESKTOP-HG1COQ1" name="rough.Practice" tests="4" failures="0" timestamp="2020-01-16T15:33:02 PST" time="0.019" errors="0">
  <testcase name="method1" time="0.013" classname="rough.Practice"/>
  <testcase name="method2" time="0.002" classname="rough.Practice"/>
  <testcase name="method3" time="0.002" classname="rough.Practice"/>
  <testcase name="method4" time="0.002" classname="rough.Practice"/>
</testsuite> <!-- rough.Practice -->
